[0.103s] DEBUG:colcon:Command line arguments: ['/usr/bin/colcon', 'list', '-p', '--base-paths', '/home/maxwell-guico/rb1101', '--log-base', '/dev/null']
[0.103s] DEBUG:colcon:Parsed command line arguments: Namespace(log_base=None, log_level=None, verb_name='list', build_base='build', ignore_user_meta=False, metas=['./colcon.meta'], base_paths=['/home/maxwell-guico/rb1101', '--log-base', '/dev/null'], packages_ignore=None, packages_ignore_regex=None, paths=None, packages_up_to=None, packages_up_to_regex=None, packages_above=None, packages_above_and_dependencies=None, packages_above_depth=None, packages_select_by_dep=None, packages_skip_by_dep=None, packages_skip_up_to=None, packages_select_build_failed=False, packages_skip_build_finished=False, packages_select_test_failures=False, packages_skip_test_passed=False, packages_select=None, packages_skip=None, packages_select_regex=None, packages_skip_regex=None, packages_start=None, packages_end=None, allow_overriding=[], topological_order=False, names_only=False, paths_only=True, topological_graph=False, topological_graph_dot=False, topological_graph_density=False, topological_graph_legend=False, topological_graph_dot_cluster=False, topological_graph_dot_include_skipped=False, mixin_files=None, mixin=None, verb_parser=<colcon_mixin.mixin.mixin_argument.MixinArgumentDecorator object at 0x743190159160>, verb_extension=<colcon_package_information.verb.list.ListVerb object at 0x7431901339b0>, main=<bound method ListVerb.main of <colcon_package_information.verb.list.ListVerb object at 0x7431901339b0>>, mixin_verb=('list',))
[0.145s] Level 1:colcon.colcon_core.package_discovery:discover_packages(colcon_meta) check parameters
[0.145s] Level 1:colcon.colcon_core.package_discovery:discover_packages(recursive) check parameters
[0.145s] Level 1:colcon.colcon_core.package_discovery:discover_packages(ignore) check parameters
[0.145s] Level 1:colcon.colcon_core.package_discovery:discover_packages(path) check parameters
[0.145s] Level 1:colcon.colcon_core.package_discovery:discover_packages(recursive) discover
[0.145s] INFO:colcon.colcon_core.package_discovery:Crawling recursively for packages in '/home/maxwell-guico/rb1101', '/home/maxwell-guico/rb1101/--log-base', '/dev/null'
[0.145s] Level 1:colcon.colcon_core.package_identification:_identify(/home/maxwell-guico/rb1101) by extensions ['ignore', 'ignore_ament_install']
[0.145s] Level 1:colcon.colcon_core.package_identification:_identify(/home/maxwell-guico/rb1101) by extension 'ignore'
[0.145s] Level 1:colcon.colcon_core.package_identification:_identify(/home/maxwell-guico/rb1101) by extension 'ignore_ament_install'
[0.146s] Level 1:colcon.colcon_core.package_identification:_identify(/home/maxwell-guico/rb1101) by extensions ['colcon_pkg']
[0.146s] Level 1:colcon.colcon_core.package_identification:_identify(/home/maxwell-guico/rb1101) by extension 'colcon_pkg'
[0.146s] Level 1:colcon.colcon_core.package_identification:_identify(/home/maxwell-guico/rb1101) by extensions ['colcon_meta']
[0.146s] Level 1:colcon.colcon_core.package_identification:_identify(/home/maxwell-guico/rb1101) by extension 'colcon_meta'
[0.146s] Level 1:colcon.colcon_core.package_identification:_identify(/home/maxwell-guico/rb1101) by extensions ['ros']
[0.146s] Level 1:colcon.colcon_core.package_identification:_identify(/home/maxwell-guico/rb1101) by extension 'ros'
[0.174s] Level 1:colcon.colcon_core.package_identification:_identify(/home/maxwell-guico/rb1101) by extensions ['cmake', 'python']
[0.174s] Level 1:colcon.colcon_core.package_identification:_identify(/home/maxwell-guico/rb1101) by extension 'cmake'
[0.174s] Level 1:colcon.colcon_core.package_identification:_identify(/home/maxwell-guico/rb1101) by extension 'python'
[0.174s] Level 1:colcon.colcon_core.package_identification:_identify(/home/maxwell-guico/rb1101) by extensions ['python_setup_py']
[0.174s] Level 1:colcon.colcon_core.package_identification:_identify(/home/maxwell-guico/rb1101) by extension 'python_setup_py'
[0.174s] Level 1:colcon.colcon_core.package_identification:_identify(/home/maxwell-guico/rb1101/build) by extensions ['ignore', 'ignore_ament_install']
[0.174s] Level 1:colcon.colcon_core.package_identification:_identify(/home/maxwell-guico/rb1101/build) by extension 'ignore'
[0.174s] Level 1:colcon.colcon_core.package_identification:_identify(/home/maxwell-guico/rb1101/build) ignored
[0.174s] Level 1:colcon.colcon_core.package_identification:_identify(/home/maxwell-guico/rb1101/install) by extensions ['ignore', 'ignore_ament_install']
[0.174s] Level 1:colcon.colcon_core.package_identification:_identify(/home/maxwell-guico/rb1101/install) by extension 'ignore'
[0.175s] Level 1:colcon.colcon_core.package_identification:_identify(/home/maxwell-guico/rb1101/install) ignored
[0.175s] Level 1:colcon.colcon_core.package_identification:_identify(/home/maxwell-guico/rb1101/log) by extensions ['ignore', 'ignore_ament_install']
[0.175s] Level 1:colcon.colcon_core.package_identification:_identify(/home/maxwell-guico/rb1101/log) by extension 'ignore'
[0.175s] Level 1:colcon.colcon_core.package_identification:_identify(/home/maxwell-guico/rb1101/log) ignored
[0.175s] Level 1:colcon.colcon_core.package_identification:_identify(/home/maxwell-guico/rb1101/src) by extensions ['ignore', 'ignore_ament_install']
[0.175s] Level 1:colcon.colcon_core.package_identification:_identify(/home/maxwell-guico/rb1101/src) by extension 'ignore'
[0.175s] Level 1:colcon.colcon_core.package_identification:_identify(/home/maxwell-guico/rb1101/src) by extension 'ignore_ament_install'
[0.175s] Level 1:colcon.colcon_core.package_identification:_identify(/home/maxwell-guico/rb1101/src) by extensions ['colcon_pkg']
[0.175s] Level 1:colcon.colcon_core.package_identification:_identify(/home/maxwell-guico/rb1101/src) by extension 'colcon_pkg'
[0.175s] Level 1:colcon.colcon_core.package_identification:_identify(/home/maxwell-guico/rb1101/src) by extensions ['colcon_meta']
[0.175s] Level 1:colcon.colcon_core.package_identification:_identify(/home/maxwell-guico/rb1101/src) by extension 'colcon_meta'
[0.175s] Level 1:colcon.colcon_core.package_identification:_identify(/home/maxwell-guico/rb1101/src) by extensions ['ros']
[0.175s] Level 1:colcon.colcon_core.package_identification:_identify(/home/maxwell-guico/rb1101/src) by extension 'ros'
[0.175s] Level 1:colcon.colcon_core.package_identification:_identify(/home/maxwell-guico/rb1101/src) by extensions ['cmake', 'python']
[0.175s] Level 1:colcon.colcon_core.package_identification:_identify(/home/maxwell-guico/rb1101/src) by extension 'cmake'
[0.175s] Level 1:colcon.colcon_core.package_identification:_identify(/home/maxwell-guico/rb1101/src) by extension 'python'
[0.175s] Level 1:colcon.colcon_core.package_identification:_identify(/home/maxwell-guico/rb1101/src) by extensions ['python_setup_py']
[0.175s] Level 1:colcon.colcon_core.package_identification:_identify(/home/maxwell-guico/rb1101/src) by extension 'python_setup_py'
[0.176s] Level 1:colcon.colcon_core.package_identification:_identify(/home/maxwell-guico/rb1101/src/build) by extensions ['ignore', 'ignore_ament_install']
[0.176s] Level 1:colcon.colcon_core.package_identification:_identify(/home/maxwell-guico/rb1101/src/build) by extension 'ignore'
[0.176s] Level 1:colcon.colcon_core.package_identification:_identify(/home/maxwell-guico/rb1101/src/build) ignored
[0.176s] Level 1:colcon.colcon_core.package_identification:_identify(/home/maxwell-guico/rb1101/src/install) by extensions ['ignore', 'ignore_ament_install']
[0.176s] Level 1:colcon.colcon_core.package_identification:_identify(/home/maxwell-guico/rb1101/src/install) by extension 'ignore'
[0.176s] Level 1:colcon.colcon_core.package_identification:_identify(/home/maxwell-guico/rb1101/src/install) ignored
[0.176s] Level 1:colcon.colcon_core.package_identification:_identify(/home/maxwell-guico/rb1101/src/log) by extensions ['ignore', 'ignore_ament_install']
[0.176s] Level 1:colcon.colcon_core.package_identification:_identify(/home/maxwell-guico/rb1101/src/log) by extension 'ignore'
[0.176s] Level 1:colcon.colcon_core.package_identification:_identify(/home/maxwell-guico/rb1101/src/log) ignored
[0.176s] Level 1:colcon.colcon_core.package_identification:_identify(/home/maxwell-guico/rb1101/src/rb1101) by extensions ['ignore', 'ignore_ament_install']
[0.176s] Level 1:colcon.colcon_core.package_identification:_identify(/home/maxwell-guico/rb1101/src/rb1101) by extension 'ignore'
[0.176s] Level 1:colcon.colcon_core.package_identification:_identify(/home/maxwell-guico/rb1101/src/rb1101) by extension 'ignore_ament_install'
[0.176s] Level 1:colcon.colcon_core.package_identification:_identify(/home/maxwell-guico/rb1101/src/rb1101) by extensions ['colcon_pkg']
[0.176s] Level 1:colcon.colcon_core.package_identification:_identify(/home/maxwell-guico/rb1101/src/rb1101) by extension 'colcon_pkg'
[0.177s] Level 1:colcon.colcon_core.package_identification:_identify(/home/maxwell-guico/rb1101/src/rb1101) by extensions ['colcon_meta']
[0.177s] Level 1:colcon.colcon_core.package_identification:_identify(/home/maxwell-guico/rb1101/src/rb1101) by extension 'colcon_meta'
[0.177s] Level 1:colcon.colcon_core.package_identification:_identify(/home/maxwell-guico/rb1101/src/rb1101) by extensions ['ros']
[0.177s] Level 1:colcon.colcon_core.package_identification:_identify(/home/maxwell-guico/rb1101/src/rb1101) by extension 'ros'
[0.180s] DEBUG:colcon.colcon_core.package_identification:Package '/home/maxwell-guico/rb1101/src/rb1101' with type 'ros.ament_python' and name 'rb1101'
[0.180s] Level 1:colcon.colcon_core.package_identification:_identify(/home/maxwell-guico/rb1101/src/rb1110_gz) by extensions ['ignore', 'ignore_ament_install']
[0.181s] Level 1:colcon.colcon_core.package_identification:_identify(/home/maxwell-guico/rb1101/src/rb1110_gz) by extension 'ignore'
[0.181s] Level 1:colcon.colcon_core.package_identification:_identify(/home/maxwell-guico/rb1101/src/rb1110_gz) by extension 'ignore_ament_install'
[0.181s] Level 1:colcon.colcon_core.package_identification:_identify(/home/maxwell-guico/rb1101/src/rb1110_gz) by extensions ['colcon_pkg']
[0.181s] Level 1:colcon.colcon_core.package_identification:_identify(/home/maxwell-guico/rb1101/src/rb1110_gz) by extension 'colcon_pkg'
[0.181s] Level 1:colcon.colcon_core.package_identification:_identify(/home/maxwell-guico/rb1101/src/rb1110_gz) by extensions ['colcon_meta']
[0.181s] Level 1:colcon.colcon_core.package_identification:_identify(/home/maxwell-guico/rb1101/src/rb1110_gz) by extension 'colcon_meta'
[0.181s] Level 1:colcon.colcon_core.package_identification:_identify(/home/maxwell-guico/rb1101/src/rb1110_gz) by extensions ['ros']
[0.181s] Level 1:colcon.colcon_core.package_identification:_identify(/home/maxwell-guico/rb1101/src/rb1110_gz) by extension 'ros'
[0.182s] DEBUG:colcon.colcon_core.package_identification:Package '/home/maxwell-guico/rb1101/src/rb1110_gz' with type 'ros.ament_cmake' and name 'rb1101_gz'
[0.182s] Level 1:colcon.colcon_core.package_discovery:discover_packages(recursive) using defaults
