[0.236s] Invoking command in '/home/maxwell-guico/rb1101/build/rb1101_gz': CMAKE_PREFIX_PATH=${CMAKE_PREFIX_PATH}:/opt/ros/jazzy DEBUGINFOD_URLS=https://debuginfod.ubuntu.com /usr/bin/cmake /home/maxwell-guico/rb1101/src/rb1110_gz -DAMENT_CMAKE_SYMLINK_INSTALL=1 -DCMAKE_INSTALL_PREFIX=/home/maxwell-guico/rb1101/install/rb1101_gz
[0.381s] -- The C compiler identification is GNU 13.3.0
[0.503s] -- The CXX compiler identification is GNU 13.3.0
[0.533s] -- Detecting C compiler ABI info
[0.683s] -- Detecting C compiler ABI info - done
[0.699s] -- Check for working C compiler: /usr/bin/cc - skipped
[0.700s] -- Detecting C compile features
[0.701s] -- Detecting C compile features - done
[0.717s] -- Detecting CXX compiler ABI info
[0.865s] -- Detecting CXX compiler ABI info - done
[0.881s] -- Check for working CXX compiler: /usr/bin/c++ - skipped
[0.882s] -- Detecting CXX compile features
[0.882s] -- Detecting CXX compile features - done
[0.887s] -- Found ament_cmake: 2.5.4 (/opt/ros/jazzy/share/ament_cmake/cmake)
[1.083s] -- Found Python3: /usr/bin/python3 (found version "3.12.3") found components: Interpreter 
[1.194s] -- Override CMake install command with custom implementation using symlinks instead of copying resources
[1.357s] -- Configuring done (1.1s)
[1.361s] -- Generating done (0.0s)
[1.363s] -- Build files have been written to: /home/maxwell-guico/rb1101/build/rb1101_gz
[1.372s] Invoked command in '/home/maxwell-guico/rb1101/build/rb1101_gz' returned '0': CMAKE_PREFIX_PATH=${CMAKE_PREFIX_PATH}:/opt/ros/jazzy DEBUGINFOD_URLS=https://debuginfod.ubuntu.com /usr/bin/cmake /home/maxwell-guico/rb1101/src/rb1110_gz -DAMENT_CMAKE_SYMLINK_INSTALL=1 -DCMAKE_INSTALL_PREFIX=/home/maxwell-guico/rb1101/install/rb1101_gz
[1.372s] Invoking command in '/home/maxwell-guico/rb1101/build/rb1101_gz': CMAKE_PREFIX_PATH=${CMAKE_PREFIX_PATH}:/opt/ros/jazzy DEBUGINFOD_URLS=https://debuginfod.ubuntu.com /usr/bin/cmake --build /home/maxwell-guico/rb1101/build/rb1101_gz -- -j16 -l16
[1.429s] Invoked command in '/home/maxwell-guico/rb1101/build/rb1101_gz' returned '0': CMAKE_PREFIX_PATH=${CMAKE_PREFIX_PATH}:/opt/ros/jazzy DEBUGINFOD_URLS=https://debuginfod.ubuntu.com /usr/bin/cmake --build /home/maxwell-guico/rb1101/build/rb1101_gz -- -j16 -l16
[1.448s] Invoking command in '/home/maxwell-guico/rb1101/build/rb1101_gz': CMAKE_PREFIX_PATH=${CMAKE_PREFIX_PATH}:/opt/ros/jazzy DEBUGINFOD_URLS=https://debuginfod.ubuntu.com /usr/bin/cmake --install /home/maxwell-guico/rb1101/build/rb1101_gz
[1.464s] -- Install configuration: ""
[1.464s] -- Execute custom install script
[1.465s] -- Symlinking: /home/maxwell-guico/rb1101/install/rb1101_gz/share/rb1101_gz//launch/rb1101_gazebo.launch.py
[1.482s] -- Symlinking: /home/maxwell-guico/rb1101/install/rb1101_gz/share/rb1101_gz//meshes/ball_wheel_link.STL
[1.497s] -- Symlinking: /home/maxwell-guico/rb1101/install/rb1101_gz/share/rb1101_gz//meshes/base_camera_link.STL
[1.512s] -- Symlinking: /home/maxwell-guico/rb1101/install/rb1101_gz/share/rb1101_gz//meshes/base_laser_link.STL
[1.522s] -- Symlinking: /home/maxwell-guico/rb1101/install/rb1101_gz/share/rb1101_gz//meshes/base_link.STL
[1.533s] -- Symlinking: /home/maxwell-guico/rb1101/install/rb1101_gz/share/rb1101_gz//meshes/imu.STL
[1.543s] -- Symlinking: /home/maxwell-guico/rb1101/install/rb1101_gz/share/rb1101_gz//meshes/left_wheel_link.STL
[1.553s] -- Symlinking: /home/maxwell-guico/rb1101/install/rb1101_gz/share/rb1101_gz//meshes/nanocar/back_left_wheel_link.STL
[1.563s] -- Symlinking: /home/maxwell-guico/rb1101/install/rb1101_gz/share/rb1101_gz//meshes/nanocar/back_right_wheel_link.STL
[1.575s] -- Symlinking: /home/maxwell-guico/rb1101/install/rb1101_gz/share/rb1101_gz//meshes/nanocar/base_camera_link.STL
[1.587s] -- Symlinking: /home/maxwell-guico/rb1101/install/rb1101_gz/share/rb1101_gz//meshes/nanocar/base_laser_link.STL
[1.596s] -- Symlinking: /home/maxwell-guico/rb1101/install/rb1101_gz/share/rb1101_gz//meshes/nanocar/base_link.STL
[1.608s] -- Symlinking: /home/maxwell-guico/rb1101/install/rb1101_gz/share/rb1101_gz//meshes/nanocar/front_left_wheel_link.STL
[1.619s] -- Symlinking: /home/maxwell-guico/rb1101/install/rb1101_gz/share/rb1101_gz//meshes/nanocar/front_right_wheel_link.STL
[1.631s] -- Symlinking: /home/maxwell-guico/rb1101/install/rb1101_gz/share/rb1101_gz//meshes/nanocar/imu.STL
[1.642s] -- Symlinking: /home/maxwell-guico/rb1101/install/rb1101_gz/share/rb1101_gz//meshes/nanorobot/ball_wheel_link.STL
[1.652s] -- Symlinking: /home/maxwell-guico/rb1101/install/rb1101_gz/share/rb1101_gz//meshes/nanorobot/base_camera_link.STL
[1.662s] -- Symlinking: /home/maxwell-guico/rb1101/install/rb1101_gz/share/rb1101_gz//meshes/nanorobot/base_laser_link.STL
[1.673s] -- Symlinking: /home/maxwell-guico/rb1101/install/rb1101_gz/share/rb1101_gz//meshes/nanorobot/base_link.STL
[1.683s] -- Symlinking: /home/maxwell-guico/rb1101/install/rb1101_gz/share/rb1101_gz//meshes/nanorobot/imu.STL
[1.693s] -- Symlinking: /home/maxwell-guico/rb1101/install/rb1101_gz/share/rb1101_gz//meshes/nanorobot/left_wheel_link.STL
[1.704s] -- Symlinking: /home/maxwell-guico/rb1101/install/rb1101_gz/share/rb1101_gz//meshes/nanorobot/right_wheel_link.STL
[1.715s] -- Symlinking: /home/maxwell-guico/rb1101/install/rb1101_gz/share/rb1101_gz//meshes/nist maze wall 120/3/materials/textures/plywood256x256.png
[1.728s] -- Symlinking: /home/maxwell-guico/rb1101/install/rb1101_gz/share/rb1101_gz//meshes/nist maze wall 120/3/meshes/nist_maze_wall_120.dae
[1.743s] -- Symlinking: /home/maxwell-guico/rb1101/install/rb1101_gz/share/rb1101_gz//meshes/nist maze wall 120/3/model-1_2.sdf
[1.759s] -- Symlinking: /home/maxwell-guico/rb1101/install/rb1101_gz/share/rb1101_gz//meshes/nist maze wall 120/3/model-1_3.sdf
[1.773s] -- Symlinking: /home/maxwell-guico/rb1101/install/rb1101_gz/share/rb1101_gz//meshes/nist maze wall 120/3/model-1_4.sdf
[1.786s] -- Symlinking: /home/maxwell-guico/rb1101/install/rb1101_gz/share/rb1101_gz//meshes/nist maze wall 120/3/model.config
[1.799s] -- Symlinking: /home/maxwell-guico/rb1101/install/rb1101_gz/share/rb1101_gz//meshes/nist maze wall 120/3/model.sdf
[1.814s] -- Symlinking: /home/maxwell-guico/rb1101/install/rb1101_gz/share/rb1101_gz//meshes/nist maze wall 120/3/thumbnails/1.png
[1.829s] -- Symlinking: /home/maxwell-guico/rb1101/install/rb1101_gz/share/rb1101_gz//meshes/nist maze wall 120/3/thumbnails/2.png
[1.840s] -- Symlinking: /home/maxwell-guico/rb1101/install/rb1101_gz/share/rb1101_gz//meshes/nist maze wall 120/3/thumbnails/3.png
[1.853s] -- Symlinking: /home/maxwell-guico/rb1101/install/rb1101_gz/share/rb1101_gz//meshes/nist maze wall 120/3/thumbnails/4.png
[1.865s] -- Symlinking: /home/maxwell-guico/rb1101/install/rb1101_gz/share/rb1101_gz//meshes/nist maze wall 120/3/thumbnails/5.png
[1.877s] -- Symlinking: /home/maxwell-guico/rb1101/install/rb1101_gz/share/rb1101_gz//meshes/right_wheel_link.STL
[1.893s] -- Symlinking: /home/maxwell-guico/rb1101/install/rb1101_gz/share/rb1101_gz//urdf/nanocar.gazebo.xacro
[1.910s] -- Symlinking: /home/maxwell-guico/rb1101/install/rb1101_gz/share/rb1101_gz//urdf/nanocar.urdf.xacro
[1.930s] -- Symlinking: /home/maxwell-guico/rb1101/install/rb1101_gz/share/rb1101_gz//urdf/nanocar_description.urdf
[1.948s] -- Symlinking: /home/maxwell-guico/rb1101/install/rb1101_gz/share/rb1101_gz//rviz/rb1101.rviz
[1.966s] -- Symlinking: /home/maxwell-guico/rb1101/install/rb1101_gz/share/rb1101_gz//worlds/empty.sdf
[1.984s] -- Symlinking: /home/maxwell-guico/rb1101/install/rb1101_gz/share/rb1101_gz//worlds/rb1101_world.sdf
[2.005s] -- Symlinking: /home/maxwell-guico/rb1101/install/rb1101_gz/share/ament_index/resource_index/package_run_dependencies/rb1101_gz
[2.023s] -- Symlinking: /home/maxwell-guico/rb1101/install/rb1101_gz/share/ament_index/resource_index/parent_prefix_path/rb1101_gz
[2.043s] -- Symlinking: /home/maxwell-guico/rb1101/install/rb1101_gz/share/rb1101_gz/environment/ament_prefix_path.sh
[2.063s] -- Symlinking: /home/maxwell-guico/rb1101/install/rb1101_gz/share/rb1101_gz/environment/ament_prefix_path.dsv
[2.080s] -- Symlinking: /home/maxwell-guico/rb1101/install/rb1101_gz/share/rb1101_gz/environment/path.sh
[2.099s] -- Symlinking: /home/maxwell-guico/rb1101/install/rb1101_gz/share/rb1101_gz/environment/path.dsv
[2.117s] -- Symlinking: /home/maxwell-guico/rb1101/install/rb1101_gz/share/rb1101_gz/local_setup.bash
[2.135s] -- Symlinking: /home/maxwell-guico/rb1101/install/rb1101_gz/share/rb1101_gz/local_setup.sh
[2.152s] -- Symlinking: /home/maxwell-guico/rb1101/install/rb1101_gz/share/rb1101_gz/local_setup.zsh
[2.167s] -- Symlinking: /home/maxwell-guico/rb1101/install/rb1101_gz/share/rb1101_gz/local_setup.dsv
[2.182s] -- Symlinking: /home/maxwell-guico/rb1101/install/rb1101_gz/share/rb1101_gz/package.dsv
[2.195s] -- Symlinking: /home/maxwell-guico/rb1101/install/rb1101_gz/share/ament_index/resource_index/packages/rb1101_gz
[2.211s] -- Symlinking: /home/maxwell-guico/rb1101/install/rb1101_gz/share/rb1101_gz/cmake/ament_cmake_export_dependencies-extras.cmake
[2.224s] -- Symlinking: /home/maxwell-guico/rb1101/install/rb1101_gz/share/rb1101_gz/cmake/rb1101_gzConfig.cmake
[2.237s] -- Symlinking: /home/maxwell-guico/rb1101/install/rb1101_gz/share/rb1101_gz/cmake/rb1101_gzConfig-version.cmake
[2.250s] -- Symlinking: /home/maxwell-guico/rb1101/install/rb1101_gz/share/rb1101_gz/package.xml
[2.265s] Invoked command in '/home/maxwell-guico/rb1101/build/rb1101_gz' returned '0': CMAKE_PREFIX_PATH=${CMAKE_PREFIX_PATH}:/opt/ros/jazzy DEBUGINFOD_URLS=https://debuginfod.ubuntu.com /usr/bin/cmake --install /home/maxwell-guico/rb1101/build/rb1101_gz
