[0.104s] DEBUG:colcon:Command line arguments: ['/usr/bin/colcon', 'build', '--symlink-install']
[0.104s] DEBUG:colcon:Parsed command line arguments: Namespace(log_base=None, log_level=None, verb_name='build', build_base='build', install_base='install', merge_install=False, symlink_install=True, test_result_base=None, continue_on_error=False, executor='parallel', parallel_workers=16, event_handlers=None, ignore_user_meta=False, metas=['./colcon.meta'], base_paths=['.'], packages_ignore=None, packages_ignore_regex=None, paths=None, packages_up_to=None, packages_up_to_regex=None, packages_above=None, packages_above_and_dependencies=None, packages_above_depth=None, packages_select_by_dep=None, packages_skip_by_dep=None, packages_skip_up_to=None, packages_select_build_failed=False, packages_skip_build_finished=False, packages_select_test_failures=False, packages_skip_test_passed=False, packages_select=None, packages_skip=None, packages_select_regex=None, packages_skip_regex=None, packages_start=None, packages_end=None, allow_overriding=[], cmake_args=None, cmake_target=None, cmake_target_skip_unavailable=False, cmake_clean_cache=False, cmake_clean_first=False, cmake_force_configure=False, ament_cmake_args=None, catkin_cmake_args=None, catkin_skip_building_tests=False, mixin_files=None, mixin=None, verb_parser=<colcon_mixin.mixin.mixin_argument.MixinArgumentDecorator object at 0x7223080776e0>, verb_extension=<colcon_core.verb.build.BuildVerb object at 0x722308076ae0>, main=<bound method BuildVerb.main of <colcon_core.verb.build.BuildVerb object at 0x722308076ae0>>, mixin_verb=('build',))
[0.143s] Level 1:colcon.colcon_core.package_discovery:discover_packages(colcon_meta) check parameters
[0.143s] Level 1:colcon.colcon_core.package_discovery:discover_packages(recursive) check parameters
[0.143s] Level 1:colcon.colcon_core.package_discovery:discover_packages(ignore) check parameters
[0.143s] Level 1:colcon.colcon_core.package_discovery:discover_packages(path) check parameters
[0.143s] Level 1:colcon.colcon_core.package_discovery:discover_packages(colcon_meta) discover
[0.143s] Level 1:colcon.colcon_core.package_discovery:discover_packages(recursive) discover
[0.143s] INFO:colcon.colcon_core.package_discovery:Crawling recursively for packages in '/home/maxwell-guico/rb1101/src'
[0.143s] Level 1:colcon.colcon_core.package_identification:_identify(.) by extensions ['ignore', 'ignore_ament_install']
[0.144s] Level 1:colcon.colcon_core.package_identification:_identify(.) by extension 'ignore'
[0.144s] Level 1:colcon.colcon_core.package_identification:_identify(.) by extension 'ignore_ament_install'
[0.144s] Level 1:colcon.colcon_core.package_identification:_identify(.) by extensions ['colcon_pkg']
[0.144s] Level 1:colcon.colcon_core.package_identification:_identify(.) by extension 'colcon_pkg'
[0.144s] Level 1:colcon.colcon_core.package_identification:_identify(.) by extensions ['colcon_meta']
[0.144s] Level 1:colcon.colcon_core.package_identification:_identify(.) by extension 'colcon_meta'
[0.144s] Level 1:colcon.colcon_core.package_identification:_identify(.) by extensions ['ros']
[0.144s] Level 1:colcon.colcon_core.package_identification:_identify(.) by extension 'ros'
[0.170s] Level 1:colcon.colcon_core.package_identification:_identify(.) by extensions ['cmake', 'python']
[0.170s] Level 1:colcon.colcon_core.package_identification:_identify(.) by extension 'cmake'
[0.170s] Level 1:colcon.colcon_core.package_identification:_identify(.) by extension 'python'
[0.170s] Level 1:colcon.colcon_core.package_identification:_identify(.) by extensions ['python_setup_py']
[0.170s] Level 1:colcon.colcon_core.package_identification:_identify(.) by extension 'python_setup_py'
[0.170s] Level 1:colcon.colcon_core.package_identification:_identify(build) by extensions ['ignore', 'ignore_ament_install']
[0.171s] Level 1:colcon.colcon_core.package_identification:_identify(build) by extension 'ignore'
[0.171s] Level 1:colcon.colcon_core.package_identification:_identify(build) ignored
[0.171s] Level 1:colcon.colcon_core.package_identification:_identify(install) by extensions ['ignore', 'ignore_ament_install']
[0.171s] Level 1:colcon.colcon_core.package_identification:_identify(install) by extension 'ignore'
[0.171s] Level 1:colcon.colcon_core.package_identification:_identify(install) ignored
[0.171s] Level 1:colcon.colcon_core.package_identification:_identify(log) by extensions ['ignore', 'ignore_ament_install']
[0.171s] Level 1:colcon.colcon_core.package_identification:_identify(log) by extension 'ignore'
[0.171s] Level 1:colcon.colcon_core.package_identification:_identify(log) ignored
[0.171s] Level 1:colcon.colcon_core.package_identification:_identify(rb1101) by extensions ['ignore', 'ignore_ament_install']
[0.171s] Level 1:colcon.colcon_core.package_identification:_identify(rb1101) by extension 'ignore'
[0.171s] Level 1:colcon.colcon_core.package_identification:_identify(rb1101) by extension 'ignore_ament_install'
[0.171s] Level 1:colcon.colcon_core.package_identification:_identify(rb1101) by extensions ['colcon_pkg']
[0.171s] Level 1:colcon.colcon_core.package_identification:_identify(rb1101) by extension 'colcon_pkg'
[0.171s] Level 1:colcon.colcon_core.package_identification:_identify(rb1101) by extensions ['colcon_meta']
[0.171s] Level 1:colcon.colcon_core.package_identification:_identify(rb1101) by extension 'colcon_meta'
[0.171s] Level 1:colcon.colcon_core.package_identification:_identify(rb1101) by extensions ['ros']
[0.171s] Level 1:colcon.colcon_core.package_identification:_identify(rb1101) by extension 'ros'
[0.174s] DEBUG:colcon.colcon_core.package_identification:Package 'rb1101' with type 'ros.ament_python' and name 'rb1101'
[0.174s] Level 1:colcon.colcon_core.package_identification:_identify(rb1110_gz) by extensions ['ignore', 'ignore_ament_install']
[0.174s] Level 1:colcon.colcon_core.package_identification:_identify(rb1110_gz) by extension 'ignore'
[0.174s] Level 1:colcon.colcon_core.package_identification:_identify(rb1110_gz) by extension 'ignore_ament_install'
[0.174s] Level 1:colcon.colcon_core.package_identification:_identify(rb1110_gz) by extensions ['colcon_pkg']
[0.174s] Level 1:colcon.colcon_core.package_identification:_identify(rb1110_gz) by extension 'colcon_pkg'
[0.174s] Level 1:colcon.colcon_core.package_identification:_identify(rb1110_gz) by extensions ['colcon_meta']
[0.174s] Level 1:colcon.colcon_core.package_identification:_identify(rb1110_gz) by extension 'colcon_meta'
[0.174s] Level 1:colcon.colcon_core.package_identification:_identify(rb1110_gz) by extensions ['ros']
[0.174s] Level 1:colcon.colcon_core.package_identification:_identify(rb1110_gz) by extension 'ros'
[0.175s] DEBUG:colcon.colcon_core.package_identification:Package 'rb1110_gz' with type 'ros.ament_cmake' and name 'rb1101_gz'
[0.175s] Level 1:colcon.colcon_core.package_discovery:discover_packages(recursive) using defaults
[0.175s] Level 1:colcon.colcon_core.package_discovery:discover_packages(ignore) discover
[0.175s] Level 1:colcon.colcon_core.package_discovery:discover_packages(ignore) using defaults
[0.175s] Level 1:colcon.colcon_core.package_discovery:discover_packages(path) discover
[0.175s] Level 1:colcon.colcon_core.package_discovery:discover_packages(path) using defaults
[0.193s] Level 1:colcon.colcon_core.package_discovery:discover_packages(prefix_path) check parameters
[0.193s] Level 1:colcon.colcon_core.package_discovery:discover_packages(prefix_path) discover
[0.195s] DEBUG:colcon.colcon_installed_package_information.package_discovery:Found 286 installed packages in /opt/ros/jazzy
[0.197s] Level 1:colcon.colcon_core.package_discovery:discover_packages(prefix_path) using defaults
[0.231s] Level 5:colcon.colcon_core.verb:set package 'rb1101' build argument 'cmake_args' from command line to 'None'
[0.231s] Level 5:colcon.colcon_core.verb:set package 'rb1101' build argument 'cmake_target' from command line to 'None'
[0.231s] Level 5:colcon.colcon_core.verb:set package 'rb1101' build argument 'cmake_target_skip_unavailable' from command line to 'False'
[0.232s] Level 5:colcon.colcon_core.verb:set package 'rb1101' build argument 'cmake_clean_cache' from command line to 'False'
[0.232s] Level 5:colcon.colcon_core.verb:set package 'rb1101' build argument 'cmake_clean_first' from command line to 'False'
[0.232s] Level 5:colcon.colcon_core.verb:set package 'rb1101' build argument 'cmake_force_configure' from command line to 'False'
[0.232s] Level 5:colcon.colcon_core.verb:set package 'rb1101' build argument 'ament_cmake_args' from command line to 'None'
[0.232s] Level 5:colcon.colcon_core.verb:set package 'rb1101' build argument 'catkin_cmake_args' from command line to 'None'
[0.232s] Level 5:colcon.colcon_core.verb:set package 'rb1101' build argument 'catkin_skip_building_tests' from command line to 'False'
[0.232s] DEBUG:colcon.colcon_core.verb:Building package 'rb1101' with the following arguments: {'ament_cmake_args': None, 'build_base': '/home/maxwell-guico/rb1101/src/build/rb1101', 'catkin_cmake_args': None, 'catkin_skip_building_tests': False, 'cmake_args': None, 'cmake_clean_cache': False, 'cmake_clean_first': False, 'cmake_force_configure': False, 'cmake_target': None, 'cmake_target_skip_unavailable': False, 'install_base': '/home/maxwell-guico/rb1101/src/install/rb1101', 'merge_install': False, 'path': '/home/maxwell-guico/rb1101/src/rb1101', 'symlink_install': True, 'test_result_base': None}
[0.232s] Level 5:colcon.colcon_core.verb:set package 'rb1101_gz' build argument 'cmake_args' from command line to 'None'
[0.232s] Level 5:colcon.colcon_core.verb:set package 'rb1101_gz' build argument 'cmake_target' from command line to 'None'
[0.232s] Level 5:colcon.colcon_core.verb:set package 'rb1101_gz' build argument 'cmake_target_skip_unavailable' from command line to 'False'
[0.232s] Level 5:colcon.colcon_core.verb:set package 'rb1101_gz' build argument 'cmake_clean_cache' from command line to 'False'
[0.232s] Level 5:colcon.colcon_core.verb:set package 'rb1101_gz' build argument 'cmake_clean_first' from command line to 'False'
[0.232s] Level 5:colcon.colcon_core.verb:set package 'rb1101_gz' build argument 'cmake_force_configure' from command line to 'False'
[0.232s] Level 5:colcon.colcon_core.verb:set package 'rb1101_gz' build argument 'ament_cmake_args' from command line to 'None'
[0.232s] Level 5:colcon.colcon_core.verb:set package 'rb1101_gz' build argument 'catkin_cmake_args' from command line to 'None'
[0.232s] Level 5:colcon.colcon_core.verb:set package 'rb1101_gz' build argument 'catkin_skip_building_tests' from command line to 'False'
[0.232s] DEBUG:colcon.colcon_core.verb:Building package 'rb1101_gz' with the following arguments: {'ament_cmake_args': None, 'build_base': '/home/maxwell-guico/rb1101/src/build/rb1101_gz', 'catkin_cmake_args': None, 'catkin_skip_building_tests': False, 'cmake_args': None, 'cmake_clean_cache': False, 'cmake_clean_first': False, 'cmake_force_configure': False, 'cmake_target': None, 'cmake_target_skip_unavailable': False, 'install_base': '/home/maxwell-guico/rb1101/src/install/rb1101_gz', 'merge_install': False, 'path': '/home/maxwell-guico/rb1101/src/rb1110_gz', 'symlink_install': True, 'test_result_base': None}
[0.232s] INFO:colcon.colcon_core.executor:Executing jobs using 'parallel' executor
[0.233s] DEBUG:colcon.colcon_parallel_executor.executor.parallel:run_until_complete
[0.234s] INFO:colcon.colcon_ros.task.ament_python.build:Building ROS package in '/home/maxwell-guico/rb1101/src/rb1101' with build type 'ament_python'
[0.234s] Level 1:colcon.colcon_core.shell:create_environment_hook('rb1101', 'ament_prefix_path')
[0.236s] INFO:colcon.colcon_core.plugin_system:Skipping extension 'colcon_core.shell.bat': Not used on non-Windows systems
[0.236s] INFO:colcon.colcon_core.shell:Creating environment hook '/home/maxwell-guico/rb1101/src/install/rb1101/share/rb1101/hook/ament_prefix_path.ps1'
[0.237s] INFO:colcon.colcon_core.shell:Creating environment descriptor '/home/maxwell-guico/rb1101/src/install/rb1101/share/rb1101/hook/ament_prefix_path.dsv'
[0.237s] INFO:colcon.colcon_core.shell:Creating environment hook '/home/maxwell-guico/rb1101/src/install/rb1101/share/rb1101/hook/ament_prefix_path.sh'
[0.237s] INFO:colcon.colcon_core.shell:Skip shell extension 'powershell' for command environment: Not usable outside of PowerShell
[0.238s] DEBUG:colcon.colcon_core.shell:Skip shell extension 'dsv' for command environment
[0.241s] INFO:colcon.colcon_ros.task.ament_cmake.build:Building ROS package in '/home/maxwell-guico/rb1101/src/rb1110_gz' with build type 'ament_cmake'
[0.241s] INFO:colcon.colcon_cmake.task.cmake.build:Building CMake package in '/home/maxwell-guico/rb1101/src/rb1110_gz'
[0.241s] INFO:colcon.colcon_core.shell:Skip shell extension 'powershell' for command environment: Not usable outside of PowerShell
[0.241s] DEBUG:colcon.colcon_core.shell:Skip shell extension 'dsv' for command environment
[0.474s] INFO:colcon.colcon_core.task.python.build:Building Python package in '/home/maxwell-guico/rb1101/src/rb1101'
[0.474s] INFO:colcon.colcon_core.shell:Skip shell extension 'powershell' for command environment: Not usable outside of PowerShell
[0.474s] DEBUG:colcon.colcon_core.shell:Skip shell extension 'dsv' for command environment
[0.480s] DEBUG:colcon.colcon_core.event_handler.log_command:Invoking command in '/home/maxwell-guico/rb1101/src/build/rb1101_gz': CMAKE_PREFIX_PATH=${CMAKE_PREFIX_PATH}:/opt/ros/jazzy DEBUGINFOD_URLS=https://debuginfod.ubuntu.com /usr/bin/cmake /home/maxwell-guico/rb1101/src/rb1110_gz -DAMENT_CMAKE_SYMLINK_INSTALL=1 -DCMAKE_INSTALL_PREFIX=/home/maxwell-guico/rb1101/src/install/rb1101_gz
[1.018s] DEBUG:colcon.colcon_core.event_handler.log_command:Invoking command in '/home/maxwell-guico/rb1101/src/build/rb1101': DEBUGINFOD_URLS=https://debuginfod.ubuntu.com PYTHONPATH=/home/maxwell-guico/rb1101/src/build/rb1101/prefix_override:/usr/lib/python3/dist-packages/colcon_core/task/python/colcon_distutils_commands:/home/maxwell-guico/rb1101/src/install/rb1101/lib/python3.12/site-packages:${PYTHONPATH} /usr/bin/python3 -W ignore:setup.py install is deprecated -W ignore:easy_install command is deprecated setup.py develop --editable --build-directory /home/maxwell-guico/rb1101/src/build/rb1101/build --no-deps symlink_data
[1.411s] DEBUG:colcon.colcon_core.event_handler.log_command:Invoked command in '/home/maxwell-guico/rb1101/src/build/rb1101_gz' returned '0': CMAKE_PREFIX_PATH=${CMAKE_PREFIX_PATH}:/opt/ros/jazzy DEBUGINFOD_URLS=https://debuginfod.ubuntu.com /usr/bin/cmake /home/maxwell-guico/rb1101/src/rb1110_gz -DAMENT_CMAKE_SYMLINK_INSTALL=1 -DCMAKE_INSTALL_PREFIX=/home/maxwell-guico/rb1101/src/install/rb1101_gz
[1.412s] DEBUG:colcon.colcon_core.event_handler.log_command:Invoking command in '/home/maxwell-guico/rb1101/src/build/rb1101_gz': CMAKE_PREFIX_PATH=${CMAKE_PREFIX_PATH}:/opt/ros/jazzy DEBUGINFOD_URLS=https://debuginfod.ubuntu.com /usr/bin/cmake --build /home/maxwell-guico/rb1101/src/build/rb1101_gz -- -j16 -l16
[1.471s] DEBUG:colcon.colcon_core.event_handler.log_command:Invoked command in '/home/maxwell-guico/rb1101/src/build/rb1101_gz' returned '0': CMAKE_PREFIX_PATH=${CMAKE_PREFIX_PATH}:/opt/ros/jazzy DEBUGINFOD_URLS=https://debuginfod.ubuntu.com /usr/bin/cmake --build /home/maxwell-guico/rb1101/src/build/rb1101_gz -- -j16 -l16
[1.485s] DEBUG:colcon.colcon_core.event_handler.log_command:Invoking command in '/home/maxwell-guico/rb1101/src/build/rb1101_gz': CMAKE_PREFIX_PATH=${CMAKE_PREFIX_PATH}:/opt/ros/jazzy DEBUGINFOD_URLS=https://debuginfod.ubuntu.com /usr/bin/cmake --install /home/maxwell-guico/rb1101/src/build/rb1101_gz
[1.593s] Level 1:colcon.colcon_core.shell:create_environment_hook('rb1101', 'pythonpath_develop')
[1.593s] INFO:colcon.colcon_core.shell:Creating environment hook '/home/maxwell-guico/rb1101/src/build/rb1101/share/rb1101/hook/pythonpath_develop.ps1'
[1.594s] DEBUG:colcon.colcon_core.event_handler.log_command:Invoked command in '/home/maxwell-guico/rb1101/src/build/rb1101' returned '0': DEBUGINFOD_URLS=https://debuginfod.ubuntu.com PYTHONPATH=/home/maxwell-guico/rb1101/src/build/rb1101/prefix_override:/usr/lib/python3/dist-packages/colcon_core/task/python/colcon_distutils_commands:/home/maxwell-guico/rb1101/src/install/rb1101/lib/python3.12/site-packages:${PYTHONPATH} /usr/bin/python3 -W ignore:setup.py install is deprecated -W ignore:easy_install command is deprecated setup.py develop --editable --build-directory /home/maxwell-guico/rb1101/src/build/rb1101/build --no-deps symlink_data
[1.594s] INFO:colcon.colcon_core.shell:Creating environment descriptor '/home/maxwell-guico/rb1101/src/build/rb1101/share/rb1101/hook/pythonpath_develop.dsv'
[1.595s] INFO:colcon.colcon_core.shell:Creating environment hook '/home/maxwell-guico/rb1101/src/build/rb1101/share/rb1101/hook/pythonpath_develop.sh'
[1.597s] Level 1:colcon.colcon_core.environment:checking '/home/maxwell-guico/rb1101/src/install/rb1101' for CMake module files
[1.598s] Level 1:colcon.colcon_core.environment:checking '/home/maxwell-guico/rb1101/src/install/rb1101' for CMake config files
[1.599s] Level 1:colcon.colcon_core.environment:checking '/home/maxwell-guico/rb1101/src/install/rb1101/lib'
[1.599s] Level 1:colcon.colcon_core.environment:checking '/home/maxwell-guico/rb1101/src/install/rb1101/bin'
[1.599s] Level 1:colcon.colcon_core.environment:checking '/home/maxwell-guico/rb1101/src/install/rb1101/lib/pkgconfig/rb1101.pc'
[1.599s] Level 1:colcon.colcon_core.environment:checking '/home/maxwell-guico/rb1101/src/install/rb1101/lib/python3.12/site-packages'
[1.599s] Level 1:colcon.colcon_core.shell:create_environment_hook('rb1101', 'pythonpath')
[1.599s] INFO:colcon.colcon_core.shell:Creating environment hook '/home/maxwell-guico/rb1101/src/install/rb1101/share/rb1101/hook/pythonpath.ps1'
[1.600s] INFO:colcon.colcon_core.shell:Creating environment descriptor '/home/maxwell-guico/rb1101/src/install/rb1101/share/rb1101/hook/pythonpath.dsv'
[1.600s] INFO:colcon.colcon_core.shell:Creating environment hook '/home/maxwell-guico/rb1101/src/install/rb1101/share/rb1101/hook/pythonpath.sh'
[1.601s] Level 1:colcon.colcon_core.environment:checking '/home/maxwell-guico/rb1101/src/install/rb1101/bin'
[1.601s] Level 1:colcon.colcon_core.environment:create_environment_scripts_only(rb1101)
[1.601s] INFO:colcon.colcon_core.shell:Creating package script '/home/maxwell-guico/rb1101/src/install/rb1101/share/rb1101/package.ps1'
[1.601s] INFO:colcon.colcon_core.shell:Creating package descriptor '/home/maxwell-guico/rb1101/src/install/rb1101/share/rb1101/package.dsv'
[1.602s] INFO:colcon.colcon_core.shell:Creating package script '/home/maxwell-guico/rb1101/src/install/rb1101/share/rb1101/package.sh'
[1.602s] INFO:colcon.colcon_core.shell:Creating package script '/home/maxwell-guico/rb1101/src/install/rb1101/share/rb1101/package.bash'
[1.603s] INFO:colcon.colcon_core.shell:Creating package script '/home/maxwell-guico/rb1101/src/install/rb1101/share/rb1101/package.zsh'
[1.603s] Level 1:colcon.colcon_core.environment:create_file_with_runtime_dependencies(/home/maxwell-guico/rb1101/src/install/rb1101/share/colcon-core/packages/rb1101)
[2.072s] Level 1:colcon.colcon_core.environment:create_environment_scripts_only(rb1101_gz)
[2.073s] Level 1:colcon.colcon_core.environment:checking '/home/maxwell-guico/rb1101/src/install/rb1101_gz' for CMake module files
[2.073s] DEBUG:colcon.colcon_core.event_handler.log_command:Invoked command in '/home/maxwell-guico/rb1101/src/build/rb1101_gz' returned '0': CMAKE_PREFIX_PATH=${CMAKE_PREFIX_PATH}:/opt/ros/jazzy DEBUGINFOD_URLS=https://debuginfod.ubuntu.com /usr/bin/cmake --install /home/maxwell-guico/rb1101/src/build/rb1101_gz
[2.075s] Level 1:colcon.colcon_core.environment:checking '/home/maxwell-guico/rb1101/src/install/rb1101_gz' for CMake config files
[2.076s] Level 1:colcon.colcon_core.shell:create_environment_hook('rb1101_gz', 'cmake_prefix_path')
[2.076s] INFO:colcon.colcon_core.shell:Creating environment hook '/home/maxwell-guico/rb1101/src/install/rb1101_gz/share/rb1101_gz/hook/cmake_prefix_path.ps1'
[2.077s] INFO:colcon.colcon_core.shell:Creating environment descriptor '/home/maxwell-guico/rb1101/src/install/rb1101_gz/share/rb1101_gz/hook/cmake_prefix_path.dsv'
[2.078s] INFO:colcon.colcon_core.shell:Creating environment hook '/home/maxwell-guico/rb1101/src/install/rb1101_gz/share/rb1101_gz/hook/cmake_prefix_path.sh'
[2.079s] Level 1:colcon.colcon_core.environment:checking '/home/maxwell-guico/rb1101/src/install/rb1101_gz/bin'
[2.079s] Level 1:colcon.colcon_core.environment:checking '/home/maxwell-guico/rb1101/src/install/rb1101_gz/lib/pkgconfig/rb1101_gz.pc'
[2.079s] Level 1:colcon.colcon_core.environment:checking '/home/maxwell-guico/rb1101/src/install/rb1101_gz/lib/python3.12/site-packages'
[2.080s] Level 1:colcon.colcon_core.environment:checking '/home/maxwell-guico/rb1101/src/install/rb1101_gz/bin'
[2.080s] INFO:colcon.colcon_core.shell:Creating package script '/home/maxwell-guico/rb1101/src/install/rb1101_gz/share/rb1101_gz/package.ps1'
[2.081s] INFO:colcon.colcon_core.shell:Creating package descriptor '/home/maxwell-guico/rb1101/src/install/rb1101_gz/share/rb1101_gz/package.dsv'
[2.081s] INFO:colcon.colcon_core.shell:Creating package script '/home/maxwell-guico/rb1101/src/install/rb1101_gz/share/rb1101_gz/package.sh'
[2.082s] INFO:colcon.colcon_core.shell:Creating package script '/home/maxwell-guico/rb1101/src/install/rb1101_gz/share/rb1101_gz/package.bash'
[2.082s] INFO:colcon.colcon_core.shell:Creating package script '/home/maxwell-guico/rb1101/src/install/rb1101_gz/share/rb1101_gz/package.zsh'
[2.083s] Level 1:colcon.colcon_core.environment:create_file_with_runtime_dependencies(/home/maxwell-guico/rb1101/src/install/rb1101_gz/share/colcon-core/packages/rb1101_gz)
[2.083s] Level 1:colcon.colcon_core.environment:create_environment_scripts_only(rb1101_gz)
[2.084s] Level 1:colcon.colcon_core.environment:checking '/home/maxwell-guico/rb1101/src/install/rb1101_gz' for CMake module files
[2.084s] Level 1:colcon.colcon_core.environment:checking '/home/maxwell-guico/rb1101/src/install/rb1101_gz' for CMake config files
[2.085s] Level 1:colcon.colcon_core.shell:create_environment_hook('rb1101_gz', 'cmake_prefix_path')
[2.085s] INFO:colcon.colcon_core.shell:Creating environment hook '/home/maxwell-guico/rb1101/src/install/rb1101_gz/share/rb1101_gz/hook/cmake_prefix_path.ps1'
[2.086s] INFO:colcon.colcon_core.shell:Creating environment descriptor '/home/maxwell-guico/rb1101/src/install/rb1101_gz/share/rb1101_gz/hook/cmake_prefix_path.dsv'
[2.086s] INFO:colcon.colcon_core.shell:Creating environment hook '/home/maxwell-guico/rb1101/src/install/rb1101_gz/share/rb1101_gz/hook/cmake_prefix_path.sh'
[2.087s] Level 1:colcon.colcon_core.environment:checking '/home/maxwell-guico/rb1101/src/install/rb1101_gz/bin'
[2.087s] Level 1:colcon.colcon_core.environment:checking '/home/maxwell-guico/rb1101/src/install/rb1101_gz/lib/pkgconfig/rb1101_gz.pc'
[2.088s] Level 1:colcon.colcon_core.environment:checking '/home/maxwell-guico/rb1101/src/install/rb1101_gz/lib/python3.12/site-packages'
[2.088s] Level 1:colcon.colcon_core.environment:checking '/home/maxwell-guico/rb1101/src/install/rb1101_gz/bin'
[2.088s] INFO:colcon.colcon_core.shell:Creating package script '/home/maxwell-guico/rb1101/src/install/rb1101_gz/share/rb1101_gz/package.ps1'
[2.089s] INFO:colcon.colcon_core.shell:Creating package descriptor '/home/maxwell-guico/rb1101/src/install/rb1101_gz/share/rb1101_gz/package.dsv'
[2.090s] INFO:colcon.colcon_core.shell:Creating package script '/home/maxwell-guico/rb1101/src/install/rb1101_gz/share/rb1101_gz/package.sh'
[2.090s] INFO:colcon.colcon_core.shell:Creating package script '/home/maxwell-guico/rb1101/src/install/rb1101_gz/share/rb1101_gz/package.bash'
[2.091s] INFO:colcon.colcon_core.shell:Creating package script '/home/maxwell-guico/rb1101/src/install/rb1101_gz/share/rb1101_gz/package.zsh'
[2.091s] Level 1:colcon.colcon_core.environment:create_file_with_runtime_dependencies(/home/maxwell-guico/rb1101/src/install/rb1101_gz/share/colcon-core/packages/rb1101_gz)
[2.091s] DEBUG:colcon.colcon_parallel_executor.executor.parallel:closing loop
[2.092s] DEBUG:colcon.colcon_parallel_executor.executor.parallel:loop closed
[2.092s] DEBUG:colcon.colcon_parallel_executor.executor.parallel:run_until_complete finished with '0'
[2.092s] DEBUG:colcon.colcon_core.event_reactor:joining thread
[2.099s] INFO:colcon.colcon_core.plugin_system:Skipping extension 'colcon_notification.desktop_notification.terminal_notifier': Not used on non-Darwin systems
[2.100s] INFO:colcon.colcon_core.plugin_system:Skipping extension 'colcon_notification.desktop_notification.win32': Not used on non-Windows systems
[2.100s] INFO:colcon.colcon_notification.desktop_notification:Sending desktop notification using 'notify2'
[2.122s] DEBUG:colcon.colcon_core.event_reactor:joined thread
[2.123s] INFO:colcon.colcon_core.shell:Creating prefix script '/home/maxwell-guico/rb1101/src/install/local_setup.ps1'
[2.124s] INFO:colcon.colcon_core.shell:Creating prefix util module '/home/maxwell-guico/rb1101/src/install/_local_setup_util_ps1.py'
[2.126s] INFO:colcon.colcon_core.shell:Creating prefix chain script '/home/maxwell-guico/rb1101/src/install/setup.ps1'
[2.127s] INFO:colcon.colcon_core.shell:Creating prefix script '/home/maxwell-guico/rb1101/src/install/local_setup.sh'
[2.128s] INFO:colcon.colcon_core.shell:Creating prefix util module '/home/maxwell-guico/rb1101/src/install/_local_setup_util_sh.py'
[2.128s] INFO:colcon.colcon_core.shell:Creating prefix chain script '/home/maxwell-guico/rb1101/src/install/setup.sh'
[2.129s] INFO:colcon.colcon_core.shell:Creating prefix script '/home/maxwell-guico/rb1101/src/install/local_setup.bash'
[2.130s] INFO:colcon.colcon_core.shell:Creating prefix chain script '/home/maxwell-guico/rb1101/src/install/setup.bash'
[2.131s] INFO:colcon.colcon_core.shell:Creating prefix script '/home/maxwell-guico/rb1101/src/install/local_setup.zsh'
[2.132s] INFO:colcon.colcon_core.shell:Creating prefix chain script '/home/maxwell-guico/rb1101/src/install/setup.zsh'
